<?xml version="1.0" encoding="UTF-8"?>
<!-- Generated by org.testng.reporters.JUnitReportReporter -->
<testsuite skipped="0" hostname="bittechs-imac-4.lan" name="com.bit.ui.test.SmokeTest" tests="1" failures="0" timestamp="08 Nov 2019 01:05:11 GMT" time="0.084" errors="0">
  <testcase name="test5" time="0.084" classname="com.bit.ui.test.SmokeTest"/>
</testsuite> <!-- com.bit.ui.test.SmokeTest -->
